<?xml version="1.0" encoding="UTF-8" ?>
<testsuite tests="2" failures="2" name="TestSuite" time="50.364" errors="0" skipped="0">
  <properties>
    <property name="java.runtime.name" value="Java(TM) SE Runtime Environment"/>
    <property name="sun.boot.library.path" value="C:\Program Files\Java\jdk1.8.0_121\jre\bin"/>
    <property name="java.vm.version" value="25.121-b13"/>
    <property name="java.vm.vendor" value="Oracle Corporation"/>
    <property name="java.vendor.url" value="http://java.oracle.com/"/>
    <property name="path.separator" value=";"/>
    <property name="java.vm.name" value="Java HotSpot(TM) 64-Bit Server VM"/>
    <property name="file.encoding.pkg" value="sun.io"/>
    <property name="user.script" value=""/>
    <property name="user.country" value="CN"/>
    <property name="sun.java.launcher" value="SUN_STANDARD"/>
    <property name="sun.os.patch.level" value="Service Pack 1"/>
    <property name="java.vm.specification.name" value="Java Virtual Machine Specification"/>
    <property name="user.dir" value="D:\workspace\hotelapp\triptest"/>
    <property name="java.runtime.version" value="1.8.0_121-b13"/>
    <property name="java.awt.graphicsenv" value="sun.awt.Win32GraphicsEnvironment"/>
    <property name="basedir" value="D:\workspace\hotelapp\triptest"/>
    <property name="java.endorsed.dirs" value="C:\Program Files\Java\jdk1.8.0_121\jre\lib\endorsed"/>
    <property name="os.arch" value="amd64"/>
    <property name="surefire.real.class.path" value="D:\workspace\hotelapp\triptest\target\surefire\surefirebooter6222169197335164025.jar"/>
    <property name="java.io.tmpdir" value="D:\Users\YEFEIY~1\AppData\Local\Temp\"/>
    <property name="line.separator" value="
"/>
    <property name="java.vm.specification.vendor" value="Oracle Corporation"/>
    <property name="user.variant" value=""/>
    <property name="os.name" value="Windows 7"/>
    <property name="sun.jnu.encoding" value="GBK"/>
    <property name="java.library.path" value="C:\Program Files\Java\jdk1.8.0_121\jre\bin;C:\Windows\Sun\Java\bin;C:\Windows\system32;C:\Windows;C:/Program Files/Java/jre1.8.0_161/bin/server;C:/Program Files/Java/jre1.8.0_161/bin;C:/Program Files/Java/jre1.8.0_161/lib/amd64;C:\ProgramData\Oracle\Java\javapath;C:\Windows\system32;C:\Windows;C:\Windows\System32\Wbem;C:\Windows\System32\WindowsPowerShell\v1.0\;C:\Program Files (x86)\Microsoft SQL Server\110\Tools\Binn\ManagementStudio\;C:\Program Files (x86)\Microsoft SQL Server\110\Tools\Binn\;C:\Program Files\Microsoft SQL Server\110\Tools\Binn\;C:\Program Files (x86)\Microsoft SQL Server\110\DTS\Binn\;C:\Program Files\Java\jdk1.7.0_60\bin;C:\Program Files\Java\jdk1.7.0_60\jre\bin;C:\JAVA\apache-maven-3.3.9\bin;C:\Program Files\Git\cmd;C:\Program Files\nodejs\;D:\Program Files (x86)\Appium\node_modules\.bin;D:\sdk\tools;D:\sdk\platform-tools;C:\Program Files\TortoiseGit\bin;D:\sdk\apache-maven-3.5.2-bin\apache-maven-3.5.2\bin;C:\Program Files\MySQL\MySQL Utilities 1.6\;C:\JAVA\apache-maven-3.3.9\bin;D:\Users\yefeiyang\AppData\Roaming\npm;D:\Users\yefeiyang\AppData\Local\Programs\Fiddler;D:\eclipse;;."/>
    <property name="surefire.test.class.path" value="D:\workspace\hotelapp\triptest\target\test-classes;D:\workspace\hotelapp\triptest\target\classes;D:\Users\yefeiyang\.m2\repository\org\testng\testng\6.8\testng-6.8.jar;D:\Users\yefeiyang\.m2\repository\junit\junit\4.10\junit-4.10.jar;D:\Users\yefeiyang\.m2\repository\org\hamcrest\hamcrest-core\1.1\hamcrest-core-1.1.jar;D:\Users\yefeiyang\.m2\repository\org\beanshell\bsh\2.0b4\bsh-2.0b4.jar;D:\Users\yefeiyang\.m2\repository\com\beust\jcommander\1.27\jcommander-1.27.jar;D:\Users\yefeiyang\.m2\repository\org\yaml\snakeyaml\1.6\snakeyaml-1.6.jar;D:\Users\yefeiyang\.m2\repository\io\appium\java-client\4.1.2\java-client-4.1.2.jar;D:\Users\yefeiyang\.m2\repository\org\seleniumhq\selenium\selenium-java\2.53.1\selenium-java-2.53.1.jar;D:\Users\yefeiyang\.m2\repository\org\seleniumhq\selenium\selenium-chrome-driver\2.53.1\selenium-chrome-driver-2.53.1.jar;D:\Users\yefeiyang\.m2\repository\org\seleniumhq\selenium\selenium-remote-driver\2.53.1\selenium-remote-driver-2.53.1.jar;D:\Users\yefeiyang\.m2\repository\org\seleniumhq\selenium\selenium-api\2.53.1\selenium-api-2.53.1.jar;D:\Users\yefeiyang\.m2\repository\org\seleniumhq\selenium\selenium-edge-driver\2.53.1\selenium-edge-driver-2.53.1.jar;D:\Users\yefeiyang\.m2\repository\commons-io\commons-io\2.4\commons-io-2.4.jar;D:\Users\yefeiyang\.m2\repository\org\apache\commons\commons-exec\1.3\commons-exec-1.3.jar;D:\Users\yefeiyang\.m2\repository\org\seleniumhq\selenium\htmlunit-driver\2.21\htmlunit-driver-2.21.jar;D:\Users\yefeiyang\.m2\repository\net\sourceforge\htmlunit\htmlunit\2.21\htmlunit-2.21.jar;D:\Users\yefeiyang\.m2\repository\xalan\xalan\2.7.2\xalan-2.7.2.jar;D:\Users\yefeiyang\.m2\repository\xalan\serializer\2.7.2\serializer-2.7.2.jar;D:\Users\yefeiyang\.m2\repository\org\apache\httpcomponents\httpmime\4.5.2\httpmime-4.5.2.jar;D:\Users\yefeiyang\.m2\repository\net\sourceforge\htmlunit\htmlunit-core-js\2.17\htmlunit-core-js-2.17.jar;D:\Users\yefeiyang\.m2\repository\net\sourceforge\htmlunit\neko-htmlunit\2.21\neko-htmlunit-2.21.jar;D:\Users\yefeiyang\.m2\repository\xerces\xercesImpl\2.11.0\xercesImpl-2.11.0.jar;D:\Users\yefeiyang\.m2\repository\xml-apis\xml-apis\1.4.01\xml-apis-1.4.01.jar;D:\Users\yefeiyang\.m2\repository\net\sourceforge\cssparser\cssparser\0.9.18\cssparser-0.9.18.jar;D:\Users\yefeiyang\.m2\repository\org\w3c\css\sac\1.3\sac-1.3.jar;D:\Users\yefeiyang\.m2\repository\org\eclipse\jetty\websocket\websocket-client\9.2.15.v20160210\websocket-client-9.2.15.v20160210.jar;D:\Users\yefeiyang\.m2\repository\org\eclipse\jetty\jetty-util\9.2.15.v20160210\jetty-util-9.2.15.v20160210.jar;D:\Users\yefeiyang\.m2\repository\org\eclipse\jetty\jetty-io\9.2.15.v20160210\jetty-io-9.2.15.v20160210.jar;D:\Users\yefeiyang\.m2\repository\org\eclipse\jetty\websocket\websocket-common\9.2.15.v20160210\websocket-common-9.2.15.v20160210.jar;D:\Users\yefeiyang\.m2\repository\org\eclipse\jetty\websocket\websocket-api\9.2.15.v20160210\websocket-api-9.2.15.v20160210.jar;D:\Users\yefeiyang\.m2\repository\org\seleniumhq\selenium\selenium-firefox-driver\2.53.1\selenium-firefox-driver-2.53.1.jar;D:\Users\yefeiyang\.m2\repository\org\seleniumhq\selenium\selenium-ie-driver\2.53.1\selenium-ie-driver-2.53.1.jar;D:\Users\yefeiyang\.m2\repository\net\java\dev\jna\jna\4.1.0\jna-4.1.0.jar;D:\Users\yefeiyang\.m2\repository\net\java\dev\jna\jna-platform\4.1.0\jna-platform-4.1.0.jar;D:\Users\yefeiyang\.m2\repository\org\seleniumhq\selenium\selenium-safari-driver\2.53.1\selenium-safari-driver-2.53.1.jar;D:\Users\yefeiyang\.m2\repository\io\netty\netty\3.5.7.Final\netty-3.5.7.Final.jar;D:\Users\yefeiyang\.m2\repository\org\seleniumhq\selenium\selenium-support\2.53.1\selenium-support-2.53.1.jar;D:\Users\yefeiyang\.m2\repository\org\seleniumhq\selenium\selenium-leg-rc\2.53.1\selenium-leg-rc-2.53.1.jar;D:\Users\yefeiyang\.m2\repository\com\google\code\gson\gson\2.7\gson-2.7.jar;D:\Users\yefeiyang\.m2\repository\org\apache\httpcomponents\httpclient\4.5.2\httpclient-4.5.2.jar;D:\Users\yefeiyang\.m2\repository\org\apache\httpcomponents\httpcore\4.4.4\httpcore-4.4.4.jar;D:\Users\yefeiyang\.m2\repository\commons-codec\commons-codec\1.9\commons-codec-1.9.jar;D:\Users\yefeiyang\.m2\repository\com\google\guava\guava\19.0\guava-19.0.jar;D:\Users\yefeiyang\.m2\repository\commons-validator\commons-validator\1.5.1\commons-validator-1.5.1.jar;D:\Users\yefeiyang\.m2\repository\commons-digester\commons-digester\1.8.1\commons-digester-1.8.1.jar;D:\Users\yefeiyang\.m2\repository\org\apache\commons\commons-lang3\3.4\commons-lang3-3.4.jar;D:\Users\yefeiyang\.m2\repository\cglib\cglib-nodep\3.2.4\cglib-nodep-3.2.4.jar;D:\Users\yefeiyang\.m2\repository\org\aspectj\aspectjweaver\1.8.9\aspectjweaver-1.8.9.jar;D:\Users\yefeiyang\.m2\repository\org\springframework\spring-web\4.2.6.RELEASE\spring-web-4.2.6.RELEASE.jar;D:\Users\yefeiyang\.m2\repository\org\springframework\spring-aop\4.2.6.RELEASE\spring-aop-4.2.6.RELEASE.jar;D:\Users\yefeiyang\.m2\repository\org\springframework\spring-beans\4.2.6.RELEASE\spring-beans-4.2.6.RELEASE.jar;D:\Users\yefeiyang\.m2\repository\org\springframework\spring-webmvc\4.2.6.RELEASE\spring-webmvc-4.2.6.RELEASE.jar;D:\Users\yefeiyang\.m2\repository\org\springframework\spring-expression\4.2.6.RELEASE\spring-expression-4.2.6.RELEASE.jar;D:\Users\yefeiyang\.m2\repository\org\steel\4.6.4\steel-4.6.4.jar;D:\Users\yefeiyang\.m2\repository\org\springframework\spring-test\4.2.6.RELEASE\spring-test-4.2.6.RELEASE.jar;D:\Users\yefeiyang\.m2\repository\org\springframework\spring-core\4.2.6.RELEASE\spring-core-4.2.6.RELEASE.jar;D:\Users\yefeiyang\.m2\repository\commons-logging\commons-logging\1.2\commons-logging-1.2.jar;D:\Users\yefeiyang\.m2\repository\org\springframework\spring-aspects\4.2.6.RELEASE\spring-aspects-4.2.6.RELEASE.jar;D:\Users\yefeiyang\.m2\repository\org\springframework\spring-context\4.2.6.RELEASE\spring-context-4.2.6.RELEASE.jar;D:\Users\yefeiyang\.m2\repository\org\springframework\spring-context-support\4.2.6.RELEASE\spring-context-support-4.2.6.RELEASE.jar;D:\Users\yefeiyang\.m2\repository\org\springframework\spring-jdbc\4.2.6.RELEASE\spring-jdbc-4.2.6.RELEASE.jar;D:\Users\yefeiyang\.m2\repository\org\springframework\spring-jms\4.2.6.RELEASE\spring-jms-4.2.6.RELEASE.jar;D:\Users\yefeiyang\.m2\repository\org\springframework\spring-messaging\4.2.6.RELEASE\spring-messaging-4.2.6.RELEASE.jar;D:\Users\yefeiyang\.m2\repository\org\springframework\spring-orm\4.2.6.RELEASE\spring-orm-4.2.6.RELEASE.jar;D:\Users\yefeiyang\.m2\repository\org\springframework\spring-tx\4.2.6.RELEASE\spring-tx-4.2.6.RELEASE.jar;D:\Users\yefeiyang\.m2\repository\org\apache\ant\ant\1.9.4\ant-1.9.4.jar;D:\Users\yefeiyang\.m2\repository\org\apache\ant\ant-launcher\1.9.4\ant-launcher-1.9.4.jar;D:\Users\yefeiyang\.m2\repository\net\sourceforge\jexcelapi\jxl\2.6.12\jxl-2.6.12.jar;D:\Users\yefeiyang\.m2\repository\javax\mail\mail\1.4.4\mail-1.4.4.jar;D:\Users\yefeiyang\.m2\repository\javax\activation\activation\1.1\activation-1.1.jar;D:\Users\yefeiyang\.m2\repository\org\slf4j\slf4j-log4j12\1.7.2\slf4j-log4j12-1.7.2.jar;D:\Users\yefeiyang\.m2\repository\org\slf4j\slf4j-api\1.7.2\slf4j-api-1.7.2.jar;D:\Users\yefeiyang\.m2\repository\log4j\log4j\1.2.17\log4j-1.2.17.jar;D:\Users\yefeiyang\.m2\repository\mysql\mysql-connector-java\5.1.21\mysql-connector-java-5.1.21.jar;D:\Users\yefeiyang\.m2\repository\net\sf\json-lib\json-lib\2.4\json-lib-2.4-jdk15.jar;D:\Users\yefeiyang\.m2\repository\commons-beanutils\commons-beanutils\1.8.0\commons-beanutils-1.8.0.jar;D:\Users\yefeiyang\.m2\repository\commons-collections\commons-collections\3.2.1\commons-collections-3.2.1.jar;D:\Users\yefeiyang\.m2\repository\commons-lang\commons-lang\2.5\commons-lang-2.5.jar;D:\Users\yefeiyang\.m2\repository\net\sf\ezmorph\ezmorph\1.0.6\ezmorph-1.0.6.jar;D:\Users\yefeiyang\.m2\repository\org\mybatis\mybatis-spring\1.2.5\mybatis-spring-1.2.5.jar;D:\Users\yefeiyang\.m2\repository\org\mybatis\mybatis\3.1.1\mybatis-3.1.1.jar;D:\Users\yefeiyang\.m2\repository\c3p0\c3p0\0.9.1.2\c3p0-0.9.1.2.jar;D:\Users\yefeiyang\.m2\repository\org\uncommons\reportng\1.1.4\reportng-1.1.4.jar;D:\Users\yefeiyang\.m2\repository\velocity\velocity\1.4\velocity-1.4.jar;D:\Users\yefeiyang\.m2\repository\velocity\velocity-dep\1.4\velocity-dep-1.4.jar;D:\Users\yefeiyang\.m2\repository\com\google\inject\guice\3.0\guice-3.0.jar;D:\Users\yefeiyang\.m2\repository\javax\inject\javax.inject\1\javax.inject-1.jar;D:\Users\yefeiyang\.m2\repository\aopalliance\aopalliance\1.0\aopalliance-1.0.jar;D:\Users\yefeiyang\.m2\repository\org\quartz-scheduler\quartz\2.2.1\quartz-2.2.1.jar;D:\Users\yefeiyang\.m2\repository\com\squareup\okhttp\okhttp\2.4.0-RC1\okhttp-2.4.0-RC1.jar;D:\Users\yefeiyang\.m2\repository\com\squareup\okio\okio\1.4.0\okio-1.4.0.jar;"/>
    <property name="java.specification.name" value="Java Platform API Specification"/>
    <property name="java.class.version" value="52.0"/>
    <property name="sun.management.compiler" value="HotSpot 64-Bit Tiered Compilers"/>
    <property name="os.version" value="6.1"/>
    <property name="user.home" value="D:\Users\yefeiyang"/>
    <property name="user.timezone" value="Asia/Shanghai"/>
    <property name="java.awt.printerjob" value="sun.awt.windows.WPrinterJob"/>
    <property name="java.specification.version" value="1.8"/>
    <property name="file.encoding" value="UTF-8"/>
    <property name="user.name" value="yefeiyang"/>
    <property name="java.class.path" value="D:\workspace\hotelapp\triptest\target\test-classes;D:\workspace\hotelapp\triptest\target\classes;D:\Users\yefeiyang\.m2\repository\org\testng\testng\6.8\testng-6.8.jar;D:\Users\yefeiyang\.m2\repository\junit\junit\4.10\junit-4.10.jar;D:\Users\yefeiyang\.m2\repository\org\hamcrest\hamcrest-core\1.1\hamcrest-core-1.1.jar;D:\Users\yefeiyang\.m2\repository\org\beanshell\bsh\2.0b4\bsh-2.0b4.jar;D:\Users\yefeiyang\.m2\repository\com\beust\jcommander\1.27\jcommander-1.27.jar;D:\Users\yefeiyang\.m2\repository\org\yaml\snakeyaml\1.6\snakeyaml-1.6.jar;D:\Users\yefeiyang\.m2\repository\io\appium\java-client\4.1.2\java-client-4.1.2.jar;D:\Users\yefeiyang\.m2\repository\org\seleniumhq\selenium\selenium-java\2.53.1\selenium-java-2.53.1.jar;D:\Users\yefeiyang\.m2\repository\org\seleniumhq\selenium\selenium-chrome-driver\2.53.1\selenium-chrome-driver-2.53.1.jar;D:\Users\yefeiyang\.m2\repository\org\seleniumhq\selenium\selenium-remote-driver\2.53.1\selenium-remote-driver-2.53.1.jar;D:\Users\yefeiyang\.m2\repository\org\seleniumhq\selenium\selenium-api\2.53.1\selenium-api-2.53.1.jar;D:\Users\yefeiyang\.m2\repository\org\seleniumhq\selenium\selenium-edge-driver\2.53.1\selenium-edge-driver-2.53.1.jar;D:\Users\yefeiyang\.m2\repository\commons-io\commons-io\2.4\commons-io-2.4.jar;D:\Users\yefeiyang\.m2\repository\org\apache\commons\commons-exec\1.3\commons-exec-1.3.jar;D:\Users\yefeiyang\.m2\repository\org\seleniumhq\selenium\htmlunit-driver\2.21\htmlunit-driver-2.21.jar;D:\Users\yefeiyang\.m2\repository\net\sourceforge\htmlunit\htmlunit\2.21\htmlunit-2.21.jar;D:\Users\yefeiyang\.m2\repository\xalan\xalan\2.7.2\xalan-2.7.2.jar;D:\Users\yefeiyang\.m2\repository\xalan\serializer\2.7.2\serializer-2.7.2.jar;D:\Users\yefeiyang\.m2\repository\org\apache\httpcomponents\httpmime\4.5.2\httpmime-4.5.2.jar;D:\Users\yefeiyang\.m2\repository\net\sourceforge\htmlunit\htmlunit-core-js\2.17\htmlunit-core-js-2.17.jar;D:\Users\yefeiyang\.m2\repository\net\sourceforge\htmlunit\neko-htmlunit\2.21\neko-htmlunit-2.21.jar;D:\Users\yefeiyang\.m2\repository\xerces\xercesImpl\2.11.0\xercesImpl-2.11.0.jar;D:\Users\yefeiyang\.m2\repository\xml-apis\xml-apis\1.4.01\xml-apis-1.4.01.jar;D:\Users\yefeiyang\.m2\repository\net\sourceforge\cssparser\cssparser\0.9.18\cssparser-0.9.18.jar;D:\Users\yefeiyang\.m2\repository\org\w3c\css\sac\1.3\sac-1.3.jar;D:\Users\yefeiyang\.m2\repository\org\eclipse\jetty\websocket\websocket-client\9.2.15.v20160210\websocket-client-9.2.15.v20160210.jar;D:\Users\yefeiyang\.m2\repository\org\eclipse\jetty\jetty-util\9.2.15.v20160210\jetty-util-9.2.15.v20160210.jar;D:\Users\yefeiyang\.m2\repository\org\eclipse\jetty\jetty-io\9.2.15.v20160210\jetty-io-9.2.15.v20160210.jar;D:\Users\yefeiyang\.m2\repository\org\eclipse\jetty\websocket\websocket-common\9.2.15.v20160210\websocket-common-9.2.15.v20160210.jar;D:\Users\yefeiyang\.m2\repository\org\eclipse\jetty\websocket\websocket-api\9.2.15.v20160210\websocket-api-9.2.15.v20160210.jar;D:\Users\yefeiyang\.m2\repository\org\seleniumhq\selenium\selenium-firefox-driver\2.53.1\selenium-firefox-driver-2.53.1.jar;D:\Users\yefeiyang\.m2\repository\org\seleniumhq\selenium\selenium-ie-driver\2.53.1\selenium-ie-driver-2.53.1.jar;D:\Users\yefeiyang\.m2\repository\net\java\dev\jna\jna\4.1.0\jna-4.1.0.jar;D:\Users\yefeiyang\.m2\repository\net\java\dev\jna\jna-platform\4.1.0\jna-platform-4.1.0.jar;D:\Users\yefeiyang\.m2\repository\org\seleniumhq\selenium\selenium-safari-driver\2.53.1\selenium-safari-driver-2.53.1.jar;D:\Users\yefeiyang\.m2\repository\io\netty\netty\3.5.7.Final\netty-3.5.7.Final.jar;D:\Users\yefeiyang\.m2\repository\org\seleniumhq\selenium\selenium-support\2.53.1\selenium-support-2.53.1.jar;D:\Users\yefeiyang\.m2\repository\org\seleniumhq\selenium\selenium-leg-rc\2.53.1\selenium-leg-rc-2.53.1.jar;D:\Users\yefeiyang\.m2\repository\com\google\code\gson\gson\2.7\gson-2.7.jar;D:\Users\yefeiyang\.m2\repository\org\apache\httpcomponents\httpclient\4.5.2\httpclient-4.5.2.jar;D:\Users\yefeiyang\.m2\repository\org\apache\httpcomponents\httpcore\4.4.4\httpcore-4.4.4.jar;D:\Users\yefeiyang\.m2\repository\commons-codec\commons-codec\1.9\commons-codec-1.9.jar;D:\Users\yefeiyang\.m2\repository\com\google\guava\guava\19.0\guava-19.0.jar;D:\Users\yefeiyang\.m2\repository\commons-validator\commons-validator\1.5.1\commons-validator-1.5.1.jar;D:\Users\yefeiyang\.m2\repository\commons-digester\commons-digester\1.8.1\commons-digester-1.8.1.jar;D:\Users\yefeiyang\.m2\repository\org\apache\commons\commons-lang3\3.4\commons-lang3-3.4.jar;D:\Users\yefeiyang\.m2\repository\cglib\cglib-nodep\3.2.4\cglib-nodep-3.2.4.jar;D:\Users\yefeiyang\.m2\repository\org\aspectj\aspectjweaver\1.8.9\aspectjweaver-1.8.9.jar;D:\Users\yefeiyang\.m2\repository\org\springframework\spring-web\4.2.6.RELEASE\spring-web-4.2.6.RELEASE.jar;D:\Users\yefeiyang\.m2\repository\org\springframework\spring-aop\4.2.6.RELEASE\spring-aop-4.2.6.RELEASE.jar;D:\Users\yefeiyang\.m2\repository\org\springframework\spring-beans\4.2.6.RELEASE\spring-beans-4.2.6.RELEASE.jar;D:\Users\yefeiyang\.m2\repository\org\springframework\spring-webmvc\4.2.6.RELEASE\spring-webmvc-4.2.6.RELEASE.jar;D:\Users\yefeiyang\.m2\repository\org\springframework\spring-expression\4.2.6.RELEASE\spring-expression-4.2.6.RELEASE.jar;D:\Users\yefeiyang\.m2\repository\org\steel\4.6.4\steel-4.6.4.jar;D:\Users\yefeiyang\.m2\repository\org\springframework\spring-test\4.2.6.RELEASE\spring-test-4.2.6.RELEASE.jar;D:\Users\yefeiyang\.m2\repository\org\springframework\spring-core\4.2.6.RELEASE\spring-core-4.2.6.RELEASE.jar;D:\Users\yefeiyang\.m2\repository\commons-logging\commons-logging\1.2\commons-logging-1.2.jar;D:\Users\yefeiyang\.m2\repository\org\springframework\spring-aspects\4.2.6.RELEASE\spring-aspects-4.2.6.RELEASE.jar;D:\Users\yefeiyang\.m2\repository\org\springframework\spring-context\4.2.6.RELEASE\spring-context-4.2.6.RELEASE.jar;D:\Users\yefeiyang\.m2\repository\org\springframework\spring-context-support\4.2.6.RELEASE\spring-context-support-4.2.6.RELEASE.jar;D:\Users\yefeiyang\.m2\repository\org\springframework\spring-jdbc\4.2.6.RELEASE\spring-jdbc-4.2.6.RELEASE.jar;D:\Users\yefeiyang\.m2\repository\org\springframework\spring-jms\4.2.6.RELEASE\spring-jms-4.2.6.RELEASE.jar;D:\Users\yefeiyang\.m2\repository\org\springframework\spring-messaging\4.2.6.RELEASE\spring-messaging-4.2.6.RELEASE.jar;D:\Users\yefeiyang\.m2\repository\org\springframework\spring-orm\4.2.6.RELEASE\spring-orm-4.2.6.RELEASE.jar;D:\Users\yefeiyang\.m2\repository\org\springframework\spring-tx\4.2.6.RELEASE\spring-tx-4.2.6.RELEASE.jar;D:\Users\yefeiyang\.m2\repository\org\apache\ant\ant\1.9.4\ant-1.9.4.jar;D:\Users\yefeiyang\.m2\repository\org\apache\ant\ant-launcher\1.9.4\ant-launcher-1.9.4.jar;D:\Users\yefeiyang\.m2\repository\net\sourceforge\jexcelapi\jxl\2.6.12\jxl-2.6.12.jar;D:\Users\yefeiyang\.m2\repository\javax\mail\mail\1.4.4\mail-1.4.4.jar;D:\Users\yefeiyang\.m2\repository\javax\activation\activation\1.1\activation-1.1.jar;D:\Users\yefeiyang\.m2\repository\org\slf4j\slf4j-log4j12\1.7.2\slf4j-log4j12-1.7.2.jar;D:\Users\yefeiyang\.m2\repository\org\slf4j\slf4j-api\1.7.2\slf4j-api-1.7.2.jar;D:\Users\yefeiyang\.m2\repository\log4j\log4j\1.2.17\log4j-1.2.17.jar;D:\Users\yefeiyang\.m2\repository\mysql\mysql-connector-java\5.1.21\mysql-connector-java-5.1.21.jar;D:\Users\yefeiyang\.m2\repository\net\sf\json-lib\json-lib\2.4\json-lib-2.4-jdk15.jar;D:\Users\yefeiyang\.m2\repository\commons-beanutils\commons-beanutils\1.8.0\commons-beanutils-1.8.0.jar;D:\Users\yefeiyang\.m2\repository\commons-collections\commons-collections\3.2.1\commons-collections-3.2.1.jar;D:\Users\yefeiyang\.m2\repository\commons-lang\commons-lang\2.5\commons-lang-2.5.jar;D:\Users\yefeiyang\.m2\repository\net\sf\ezmorph\ezmorph\1.0.6\ezmorph-1.0.6.jar;D:\Users\yefeiyang\.m2\repository\org\mybatis\mybatis-spring\1.2.5\mybatis-spring-1.2.5.jar;D:\Users\yefeiyang\.m2\repository\org\mybatis\mybatis\3.1.1\mybatis-3.1.1.jar;D:\Users\yefeiyang\.m2\repository\c3p0\c3p0\0.9.1.2\c3p0-0.9.1.2.jar;D:\Users\yefeiyang\.m2\repository\org\uncommons\reportng\1.1.4\reportng-1.1.4.jar;D:\Users\yefeiyang\.m2\repository\velocity\velocity\1.4\velocity-1.4.jar;D:\Users\yefeiyang\.m2\repository\velocity\velocity-dep\1.4\velocity-dep-1.4.jar;D:\Users\yefeiyang\.m2\repository\com\google\inject\guice\3.0\guice-3.0.jar;D:\Users\yefeiyang\.m2\repository\javax\inject\javax.inject\1\javax.inject-1.jar;D:\Users\yefeiyang\.m2\repository\aopalliance\aopalliance\1.0\aopalliance-1.0.jar;D:\Users\yefeiyang\.m2\repository\org\quartz-scheduler\quartz\2.2.1\quartz-2.2.1.jar;D:\Users\yefeiyang\.m2\repository\com\squareup\okhttp\okhttp\2.4.0-RC1\okhttp-2.4.0-RC1.jar;D:\Users\yefeiyang\.m2\repository\com\squareup\okio\okio\1.4.0\okio-1.4.0.jar;"/>
    <property name="java.vm.specification.version" value="1.8"/>
    <property name="sun.arch.data.model" value="64"/>
    <property name="java.home" value="C:\Program Files\Java\jdk1.8.0_121\jre"/>
    <property name="sun.java.command" value="D:\workspace\hotelapp\triptest\target\surefire\surefirebooter6222169197335164025.jar D:\workspace\hotelapp\triptest\target\surefire\surefire4151974685681227951tmp D:\workspace\hotelapp\triptest\target\surefire\surefire3781169099897768041tmp"/>
    <property name="java.specification.vendor" value="Oracle Corporation"/>
    <property name="user.language" value="zh"/>
    <property name="awt.toolkit" value="sun.awt.windows.WToolkit"/>
    <property name="java.vm.info" value="mixed mode"/>
    <property name="java.version" value="1.8.0_121"/>
    <property name="java.ext.dirs" value="C:\Program Files\Java\jdk1.8.0_121\jre\lib\ext;C:\Windows\Sun\Java\lib\ext"/>
    <property name="sun.boot.class.path" value="C:\Program Files\Java\jdk1.8.0_121\jre\lib\resources.jar;C:\Program Files\Java\jdk1.8.0_121\jre\lib\rt.jar;C:\Program Files\Java\jdk1.8.0_121\jre\lib\sunrsasign.jar;C:\Program Files\Java\jdk1.8.0_121\jre\lib\jsse.jar;C:\Program Files\Java\jdk1.8.0_121\jre\lib\jce.jar;C:\Program Files\Java\jdk1.8.0_121\jre\lib\charsets.jar;C:\Program Files\Java\jdk1.8.0_121\jre\lib\jfr.jar;C:\Program Files\Java\jdk1.8.0_121\jre\classes"/>
    <property name="java.vendor" value="Oracle Corporation"/>
    <property name="localRepository" value="D:\Users\yefeiyang\.m2\repository"/>
    <property name="file.separator" value="\"/>
    <property name="java.vendor.url.bug" value="http://bugreport.sun.com/bugreport/"/>
    <property name="sun.cpu.endian" value="little"/>
    <property name="sun.io.unicode.encoding" value="UnicodeLittle"/>
    <property name="sun.desktop" value="windows"/>
    <property name="sun.cpu.isalist" value="amd64"/>
  </properties>
  <testcase classname="test.apptest.hotel.FavoriteHotels" name="menuHome" time="21.992">
    <failure message="An element could not be located on the page using the given search parameters. (WARNING: The server did not provide any stacktrace information)
Command duration or timeout: 2.14 seconds
For documentation on this error, please visit: http://seleniumhq.org/exceptions/no_such_element.html
Build info: version: &apos;2.53.1&apos;, revision: &apos;a36b8b1cd5757287168e54b817830adce9b0158d&apos;, time: &apos;2016-06-30 19:26:09&apos;
System info: host: &apos;DST65976&apos;, ip: &apos;10.32.86.32&apos;, os.name: &apos;Windows 7&apos;, os.arch: &apos;amd64&apos;, os.version: &apos;6.1&apos;, java.version: &apos;1.8.0_121&apos;
Driver info: io.appium.java_client.android.AndroidDriver
Capabilities [{appPackage=ctrip.english, noReset=true, deviceName=127.0.0.1:62001, platform=LINUX, deviceUDID=127.0.0.1:62001, desired={appPackage=ctrip.english, appActivity=com.ctrip.ibu.myctrip.main.module.home.IBUHomeActivity, noReset=true, noSign=true, newCommandTimeout=10, platformVersion=null, browserName=, unicodeKeyboard=true, platformName=Android, deviceName=Android Emulator, resetKeyboard=true, autoAcceptAlerts=True}, newCommandTimeout=10, platformVersion=4.4.2, webStorageEnabled=false, takesScreenshot=true, browserName=, javascriptEnabled=true, unicodeKeyboard=true, platformName=Android, deviceManufacturer=samsung, resetKeyboard=true, deviceScreenSize=720x1280, networkConnectionEnabled=true, noSign=true, warnings={}, databaseEnabled=false, appActivity=com.ctrip.ibu.myctrip.main.module.home.IBUHomeActivity, locationContextEnabled=false, deviceModel=SM-G955N, autoAcceptAlerts=True}]
Session ID: 38c79fae-bb17-47e5-aaed-d2aba4d29cc7
*** Element info: {Using=id, value=tv_my_hotel_title}" type="org.openqa.selenium.NoSuchElementException">org.openqa.selenium.NoSuchElementException: An element could not be located on the page using the given search parameters. (WARNING: The server did not provide any stacktrace information)
Command duration or timeout: 2.14 seconds
For documentation on this error, please visit: http://seleniumhq.org/exceptions/no_such_element.html
Build info: version: &apos;2.53.1&apos;, revision: &apos;a36b8b1cd5757287168e54b817830adce9b0158d&apos;, time: &apos;2016-06-30 19:26:09&apos;
System info: host: &apos;DST65976&apos;, ip: &apos;10.32.86.32&apos;, os.name: &apos;Windows 7&apos;, os.arch: &apos;amd64&apos;, os.version: &apos;6.1&apos;, java.version: &apos;1.8.0_121&apos;
Driver info: io.appium.java_client.android.AndroidDriver
Capabilities [{appPackage=ctrip.english, noReset=true, deviceName=127.0.0.1:62001, platform=LINUX, deviceUDID=127.0.0.1:62001, desired={appPackage=ctrip.english, appActivity=com.ctrip.ibu.myctrip.main.module.home.IBUHomeActivity, noReset=true, noSign=true, newCommandTimeout=10, platformVersion=null, browserName=, unicodeKeyboard=true, platformName=Android, deviceName=Android Emulator, resetKeyboard=true, autoAcceptAlerts=True}, newCommandTimeout=10, platformVersion=4.4.2, webStorageEnabled=false, takesScreenshot=true, browserName=, javascriptEnabled=true, unicodeKeyboard=true, platformName=Android, deviceManufacturer=samsung, resetKeyboard=true, deviceScreenSize=720x1280, networkConnectionEnabled=true, noSign=true, warnings={}, databaseEnabled=false, appActivity=com.ctrip.ibu.myctrip.main.module.home.IBUHomeActivity, locationContextEnabled=false, deviceModel=SM-G955N, autoAcceptAlerts=True}]
Session ID: 38c79fae-bb17-47e5-aaed-d2aba4d29cc7
*** Element info: {Using=id, value=tv_my_hotel_title}
	at sun.reflect.NativeConstructorAccessorImpl.newInstance0(Native Method)
	at sun.reflect.NativeConstructorAccessorImpl.newInstance(NativeConstructorAccessorImpl.java:62)
	at sun.reflect.DelegatingConstructorAccessorImpl.newInstance(DelegatingConstructorAccessorImpl.java:45)
	at java.lang.reflect.Constructor.newInstance(Constructor.java:423)
	at org.openqa.selenium.remote.ErrorHandler.createThrowable(ErrorHandler.java:206)
	at org.openqa.selenium.remote.ErrorHandler.throwIfResponseFailed(ErrorHandler.java:158)
	at org.openqa.selenium.remote.RemoteWebDriver.execute(RemoteWebDriver.java:678)
	at io.appium.java_client.DefaultGenericMobileDriver.execute(DefaultGenericMobileDriver.java:40)
	at io.appium.java_client.AppiumDriver.execute(AppiumDriver.java:1)
	at io.appium.java_client.android.AndroidDriver.execute(AndroidDriver.java:1)
	at org.openqa.selenium.remote.RemoteWebDriver.findElement(RemoteWebDriver.java:363)
	at io.appium.java_client.DefaultGenericMobileDriver.findElement(DefaultGenericMobileDriver.java:56)
	at io.appium.java_client.AppiumDriver.findElement(AppiumDriver.java:1)
	at io.appium.java_client.android.AndroidDriver.findElement(AndroidDriver.java:1)
	at org.openqa.selenium.remote.RemoteWebDriver.findElementById(RemoteWebDriver.java:413)
	at io.appium.java_client.DefaultGenericMobileDriver.findElementById(DefaultGenericMobileDriver.java:64)
	at io.appium.java_client.AppiumDriver.findElementById(AppiumDriver.java:1)
	at io.appium.java_client.android.AndroidDriver.findElementById(AndroidDriver.java:1)
	at org.openqa.selenium.By$ById.findElement(By.java:218)
	at org.openqa.selenium.remote.RemoteWebDriver.findElement(RemoteWebDriver.java:355)
	at io.appium.java_client.DefaultGenericMobileDriver.findElement(DefaultGenericMobileDriver.java:52)
	at io.appium.java_client.AppiumDriver.findElement(AppiumDriver.java:1)
	at io.appium.java_client.android.AndroidDriver.findElement(AndroidDriver.java:1)
	at test.apptest.hotel.FavoriteHotels.menuHome(FavoriteHotels.java:48)
</failure>
    <system-out>@HL
@HL-------------------------------------------------------
@HL T E S T S
@HL-------------------------------------------------------
@SLRunning TestSuite
2018-02-05 11:45:43 INFO [org.springframework.test.context.support.DefaultTestContextBootstrapper] Could not instantiate TestExecutionListener [org.springframework.test.context.web.ServletTestExecutionListener]. Specify custom listener classes or make the default listener classes (and their required dependencies) available. Offending class: [javax/servlet/ServletContext]
2018-02-05 11:45:43 INFO [org.springframework.test.context.support.DefaultTestContextBootstrapper] Using TestExecutionListeners: [org.springframework.test.context.support.DirtiesContextBeforeModesTestExecutionListener@473b46c3, org.springframework.test.context.support.DependencyInjectionTestExecutionListener@516be40f, org.springframework.test.context.support.DirtiesContextTestExecutionListener@3c0a50da, org.springframework.test.context.transaction.TransactionalTestExecutionListener@646be2c3, org.springframework.test.context.jdbc.SqlScriptsTestExecutionListener@797badd3]
2018-02-05 11:45:43 INFO [org.springframework.beans.factory.xml.XmlBeanDefinitionReader] Loading XML bean definitions from URL [file:/D:/workspace/hotelapp/triptest/target/classes/ApplicationContext.xml]
2018-02-05 11:45:44 INFO [org.springframework.context.support.GenericApplicationContext] Refreshing org.springframework.context.support.GenericApplicationContext@197d671: startup date [Mon Feb 05 11:45:44 CST 2018]; root of context hierarchy
2018-02-05 11:45:44 INFO [org.springframework.beans.factory.config.PropertyPlaceholderConfigurer] Loading properties file from class path resource [mysql.properties]
2018-02-05 11:45:44 INFO [org.springframework.beans.factory.annotation.AutowiredAnnotationBeanPostProcessor] JSR-330 &apos;javax.inject.Inject&apos; annotation found and supported for autowiring
2018-02-05 11:45:44 INFO [com.mchange.v2.log.MLog] MLog clients using log4j logging.
2018-02-05 11:45:44 INFO [com.mchange.v2.c3p0.C3P0Registry] Initializing c3p0-0.9.1.2 [built 21-May-2007 15:04:56; debug? true; trace: 10]
2018-02-05 11:45:44 INFO [com.mchange.v2.c3p0.impl.AbstractPoolBackedDataSource] Initializing c3p0 pool... com.mchange.v2.c3p0.ComboPooledDataSource [ acquireIncrement -&gt; 3, acquireRetryAttempts -&gt; 30, acquireRetryDelay -&gt; 1000, autoCommitOnClose -&gt; false, automaticTestTable -&gt; null, breakAfterAcquireFailure -&gt; false, checkoutTimeout -&gt; 0, connectionCustomizerClassName -&gt; null, connectionTesterClassName -&gt; com.mchange.v2.c3p0.impl.DefaultConnectionTester, dataSourceName -&gt; 2t5d0g9trrkexg19g7lk7|6ea2bc93, debugUnreturnedConnectionStackTraces -&gt; false, description -&gt; null, driverClass -&gt; com.mysql.jdbc.Driver, factoryClassLocation -&gt; null, forceIgnoreUnresolvedTransactions -&gt; false, identityToken -&gt; 2t5d0g9trrkexg19g7lk7|6ea2bc93, idleConnectionTestPeriod -&gt; 0, initialPoolSize -&gt; 3, jdbcUrl -&gt; jdbc:mysql://10.32.86.32:3306/myctrip, maxAdministrativeTaskTime -&gt; 0, maxConnectionAge -&gt; 0, maxIdleTime -&gt; 0, maxIdleTimeExcessConnections -&gt; 0, maxPoolSize -&gt; 15, maxStatements -&gt; 0, maxStatementsPerConnection -&gt; 0, minPoolSize -&gt; 3, numHelperThreads -&gt; 3, numThreadsAwaitingCheckoutDefaultUser -&gt; 0, preferredTestQuery -&gt; null, properties -&gt; {user=******, password=******}, propertyCycle -&gt; 0, testConnectionOnCheckin -&gt; false, testConnectionOnCheckout -&gt; false, unreturnedConnectionTimeout -&gt; 0, usesTraditionalReflectiveProxies -&gt; false ]
2018-02-05 11:45:44 INFO [org.springframework.test.context.transaction.TransactionContext] Began transaction (1) for test context [DefaultTestContext@3b96c42e testClass = FavoriteHotels, testInstance = test.apptest.hotel.FavoriteHotels@77e9807f, testMethod = menuHome@FavoriteHotels, testException = [null], mergedContextConfiguration = [MergedContextConfiguration@babafc2 testClass = FavoriteHotels, locations = &apos;{classpath*:ApplicationContext.xml}&apos;, classes = &apos;{}&apos;, contextInitializerClasses = &apos;[]&apos;, activeProfiles = &apos;{}&apos;, propertySourceLocations = &apos;{}&apos;, propertySourceProperties = &apos;{}&apos;, contextLoader = &apos;org.springframework.test.context.support.DelegatingSmartContextLoader&apos;, parent = [null]]]; transaction manager [org.springframework.jdbc.datasource.DataSourceTransactionManager@5d066c7d]; rollback [true]
2018-02-05 11:46:00 INFO [test.apptest.hotel.FavoriteHotels] 初始化成功，准备登陆
2018-02-05 11:46:04 INFO [test.apptest.hotel.FavoriteHotels] C1309665	无任何喜爱的酒店+返回上级菜单 
onTestFailure:menuHome测试失败
</system-out>
    <system-err>log4j:WARN No appenders could be found for logger (org.springframework.test.context.BootstrapUtils).
log4j:WARN Please initialize the log4j system properly.
log4j:WARN See http://logging.apache.org/log4j/1.2/faq.html#noconfig for more info.
</system-err>
  </testcase>
  <testcase classname="test.apptest.hotel.SelectFavoriteCity" name="selectFavoriteCity" time="6.717">
    <failure message="An element could not be located on the page using the given search parameters. (WARNING: The server did not provide any stacktrace information)
Command duration or timeout: 1.97 seconds
For documentation on this error, please visit: http://seleniumhq.org/exceptions/no_such_element.html
Build info: version: &apos;2.53.1&apos;, revision: &apos;a36b8b1cd5757287168e54b817830adce9b0158d&apos;, time: &apos;2016-06-30 19:26:09&apos;
System info: host: &apos;DST65976&apos;, ip: &apos;10.32.86.32&apos;, os.name: &apos;Windows 7&apos;, os.arch: &apos;amd64&apos;, os.version: &apos;6.1&apos;, java.version: &apos;1.8.0_121&apos;
Driver info: io.appium.java_client.android.AndroidDriver
Capabilities [{appPackage=ctrip.english, noReset=true, deviceName=127.0.0.1:62001, platform=LINUX, deviceUDID=127.0.0.1:62001, desired={appPackage=ctrip.english, appActivity=com.ctrip.ibu.myctrip.main.module.home.IBUHomeActivity, noReset=true, noSign=true, newCommandTimeout=10, platformVersion=null, browserName=, unicodeKeyboard=true, platformName=Android, deviceName=Android Emulator, resetKeyboard=true, autoAcceptAlerts=True}, newCommandTimeout=10, platformVersion=4.4.2, webStorageEnabled=false, takesScreenshot=true, browserName=, javascriptEnabled=true, unicodeKeyboard=true, platformName=Android, deviceManufacturer=samsung, resetKeyboard=true, deviceScreenSize=720x1280, networkConnectionEnabled=true, noSign=true, warnings={}, databaseEnabled=false, appActivity=com.ctrip.ibu.myctrip.main.module.home.IBUHomeActivity, locationContextEnabled=false, deviceModel=SM-G955N, autoAcceptAlerts=True}]
Session ID: 901ab8a0-f952-403d-b509-bbbbf97e959d
*** Element info: {Using=id, value=tv_my_hotel_title}" type="org.openqa.selenium.NoSuchElementException">org.openqa.selenium.NoSuchElementException: An element could not be located on the page using the given search parameters. (WARNING: The server did not provide any stacktrace information)
Command duration or timeout: 1.97 seconds
For documentation on this error, please visit: http://seleniumhq.org/exceptions/no_such_element.html
Build info: version: &apos;2.53.1&apos;, revision: &apos;a36b8b1cd5757287168e54b817830adce9b0158d&apos;, time: &apos;2016-06-30 19:26:09&apos;
System info: host: &apos;DST65976&apos;, ip: &apos;10.32.86.32&apos;, os.name: &apos;Windows 7&apos;, os.arch: &apos;amd64&apos;, os.version: &apos;6.1&apos;, java.version: &apos;1.8.0_121&apos;
Driver info: io.appium.java_client.android.AndroidDriver
Capabilities [{appPackage=ctrip.english, noReset=true, deviceName=127.0.0.1:62001, platform=LINUX, deviceUDID=127.0.0.1:62001, desired={appPackage=ctrip.english, appActivity=com.ctrip.ibu.myctrip.main.module.home.IBUHomeActivity, noReset=true, noSign=true, newCommandTimeout=10, platformVersion=null, browserName=, unicodeKeyboard=true, platformName=Android, deviceName=Android Emulator, resetKeyboard=true, autoAcceptAlerts=True}, newCommandTimeout=10, platformVersion=4.4.2, webStorageEnabled=false, takesScreenshot=true, browserName=, javascriptEnabled=true, unicodeKeyboard=true, platformName=Android, deviceManufacturer=samsung, resetKeyboard=true, deviceScreenSize=720x1280, networkConnectionEnabled=true, noSign=true, warnings={}, databaseEnabled=false, appActivity=com.ctrip.ibu.myctrip.main.module.home.IBUHomeActivity, locationContextEnabled=false, deviceModel=SM-G955N, autoAcceptAlerts=True}]
Session ID: 901ab8a0-f952-403d-b509-bbbbf97e959d
*** Element info: {Using=id, value=tv_my_hotel_title}
	at sun.reflect.NativeConstructorAccessorImpl.newInstance0(Native Method)
	at sun.reflect.NativeConstructorAccessorImpl.newInstance(NativeConstructorAccessorImpl.java:62)
	at sun.reflect.DelegatingConstructorAccessorImpl.newInstance(DelegatingConstructorAccessorImpl.java:45)
	at java.lang.reflect.Constructor.newInstance(Constructor.java:423)
	at org.openqa.selenium.remote.ErrorHandler.createThrowable(ErrorHandler.java:206)
	at org.openqa.selenium.remote.ErrorHandler.throwIfResponseFailed(ErrorHandler.java:158)
	at org.openqa.selenium.remote.RemoteWebDriver.execute(RemoteWebDriver.java:678)
	at io.appium.java_client.DefaultGenericMobileDriver.execute(DefaultGenericMobileDriver.java:40)
	at io.appium.java_client.AppiumDriver.execute(AppiumDriver.java:1)
	at io.appium.java_client.android.AndroidDriver.execute(AndroidDriver.java:1)
	at org.openqa.selenium.remote.RemoteWebDriver.findElement(RemoteWebDriver.java:363)
	at io.appium.java_client.DefaultGenericMobileDriver.findElement(DefaultGenericMobileDriver.java:56)
	at io.appium.java_client.AppiumDriver.findElement(AppiumDriver.java:1)
	at io.appium.java_client.android.AndroidDriver.findElement(AndroidDriver.java:1)
	at org.openqa.selenium.remote.RemoteWebDriver.findElementById(RemoteWebDriver.java:413)
	at io.appium.java_client.DefaultGenericMobileDriver.findElementById(DefaultGenericMobileDriver.java:64)
	at io.appium.java_client.AppiumDriver.findElementById(AppiumDriver.java:1)
	at io.appium.java_client.android.AndroidDriver.findElementById(AndroidDriver.java:1)
	at org.openqa.selenium.By$ById.findElement(By.java:218)
	at org.openqa.selenium.remote.RemoteWebDriver.findElement(RemoteWebDriver.java:355)
	at io.appium.java_client.DefaultGenericMobileDriver.findElement(DefaultGenericMobileDriver.java:52)
	at io.appium.java_client.AppiumDriver.findElement(AppiumDriver.java:1)
	at io.appium.java_client.android.AndroidDriver.findElement(AndroidDriver.java:1)
	at test.apptest.hotel.SelectFavoriteCity.selectFavoriteCity(SelectFavoriteCity.java:46)
</failure>
    <system-out>onTestFailure:menuHome测试失败
2018-02-05 11:46:06 INFO [org.springframework.test.context.transaction.TransactionContext] Rolled back transaction for test context [DefaultTestContext@3b96c42e testClass = FavoriteHotels, testInstance = test.apptest.hotel.FavoriteHotels@77e9807f, testMethod = menuHome@FavoriteHotels, testException = org.openqa.selenium.NoSuchElementException: An element could not be located on the page using the given search parameters. (WARNING: The server did not provide any stacktrace information)
Command duration or timeout: 2.14 seconds
For documentation on this error, please visit: http://seleniumhq.org/exceptions/no_such_element.html
Build info: version: &apos;2.53.1&apos;, revision: &apos;a36b8b1cd5757287168e54b817830adce9b0158d&apos;, time: &apos;2016-06-30 19:26:09&apos;
System info: host: &apos;DST65976&apos;, ip: &apos;10.32.86.32&apos;, os.name: &apos;Windows 7&apos;, os.arch: &apos;amd64&apos;, os.version: &apos;6.1&apos;, java.version: &apos;1.8.0_121&apos;
Driver info: io.appium.java_client.android.AndroidDriver
Capabilities [{appPackage=ctrip.english, noReset=true, deviceName=127.0.0.1:62001, platform=LINUX, deviceUDID=127.0.0.1:62001, desired={appPackage=ctrip.english, appActivity=com.ctrip.ibu.myctrip.main.module.home.IBUHomeActivity, noReset=true, noSign=true, newCommandTimeout=10, platformVersion=null, browserName=, unicodeKeyboard=true, platformName=Android, deviceName=Android Emulator, resetKeyboard=true, autoAcceptAlerts=True}, newCommandTimeout=10, platformVersion=4.4.2, webStorageEnabled=false, takesScreenshot=true, browserName=, javascriptEnabled=true, unicodeKeyboard=true, platformName=Android, deviceManufacturer=samsung, resetKeyboard=true, deviceScreenSize=720x1280, networkConnectionEnabled=true, noSign=true, warnings={}, databaseEnabled=false, appActivity=com.ctrip.ibu.myctrip.main.module.home.IBUHomeActivity, locationContextEnabled=false, deviceModel=SM-G955N, autoAcceptAlerts=True}]
Session ID: 38c79fae-bb17-47e5-aaed-d2aba4d29cc7
*** Element info: {Using=id, value=tv_my_hotel_title}, mergedContextConfiguration = [MergedContextConfiguration@babafc2 testClass = FavoriteHotels, locations = &apos;{classpath*:ApplicationContext.xml}&apos;, classes = &apos;{}&apos;, contextInitializerClasses = &apos;[]&apos;, activeProfiles = &apos;{}&apos;, propertySourceLocations = &apos;{}&apos;, propertySourceProperties = &apos;{}&apos;, contextLoader = &apos;org.springframework.test.context.support.DelegatingSmartContextLoader&apos;, parent = [null]]].
2018-02-05 11:46:24 INFO [org.springframework.test.context.transaction.TransactionContext] Began transaction (1) for test context [DefaultTestContext@3ec11999 testClass = SelectFavoriteCity, testInstance = test.apptest.hotel.SelectFavoriteCity@971d0d8, testMethod = selectFavoriteCity@SelectFavoriteCity, testException = [null], mergedContextConfiguration = [MergedContextConfiguration@4de025bf testClass = SelectFavoriteCity, locations = &apos;{classpath*:ApplicationContext.xml}&apos;, classes = &apos;{}&apos;, contextInitializerClasses = &apos;[]&apos;, activeProfiles = &apos;{}&apos;, propertySourceLocations = &apos;{}&apos;, propertySourceProperties = &apos;{}&apos;, contextLoader = &apos;org.springframework.test.context.support.DelegatingSmartContextLoader&apos;, parent = [null]]]; transaction manager [org.springframework.jdbc.datasource.DataSourceTransactionManager@5d066c7d]; rollback [true]
2018-02-05 11:46:24 INFO [test.apptest.hotel.SelectFavoriteCity] ---启动APP---
2018-02-05 11:46:24 INFO [test.apptest.hotel.SelectFavoriteCity] 初始化成功，准备登陆
2018-02-05 11:46:27 INFO [test.apptest.hotel.SelectFavoriteCity] ---进入酒店首页---
2018-02-05 11:46:29 INFO [test.apptest.hotel.SelectFavoriteCity] --C1309666喜爱酒店城市筛选---
onTestFailure:selectFavoriteCity测试失败
</system-out>
  </testcase>
</testsuite>